#! /c/Source/iverilog-install/bin/vvp
:ivl_version "12.0 (devel)" "(s20150603-1110-g18392a46)";
:ivl_delay_selection "TYPICAL";
:vpi_time_precision - 9;
:vpi_module "C:\iverilog\lib\ivl\system.vpi";
:vpi_module "C:\iverilog\lib\ivl\vhdl_sys.vpi";
:vpi_module "C:\iverilog\lib\ivl\vhdl_textio.vpi";
:vpi_module "C:\iverilog\lib\ivl\v2005_math.vpi";
:vpi_module "C:\iverilog\lib\ivl\va_math.vpi";
S_0000023451ed9230 .scope module, "adder_tb" "adder_tb" 2 4;
 .timescale -9 -9;
v0000023451ef2d20_0 .var "a", 0 0;
v0000023451ef2dc0_0 .var "b", 0 0;
v0000023451ef2e60_0 .net "c", 0 0, L_0000023451ef2f00;  1 drivers
S_0000023451ed93c0 .scope module, "uut" "adder" 2 9, 3 1 0, S_0000023451ed9230;
 .timescale 0 0;
    .port_info 0 /INPUT 1 "a";
    .port_info 1 /INPUT 1 "b";
    .port_info 2 /OUTPUT 1 "c";
v0000023451ed9550_0 .net "a", 0 0, v0000023451ef2d20_0;  1 drivers
v0000023451f25e50_0 .net "b", 0 0, v0000023451ef2dc0_0;  1 drivers
v0000023451ed8390_0 .net "c", 0 0, L_0000023451ef2f00;  alias, 1 drivers
L_0000023451ef2f00 .arith/sum 1, v0000023451ef2d20_0, v0000023451ef2dc0_0;
    .scope S_0000023451ed9230;
T_0 ;
    %vpi_call 2 11 "$dumpfile", "adder_tb.vcd" {0 0 0};
    %vpi_call 2 12 "$dumpvars", 32'sb00000000000000000000000000000000, S_0000023451ed9230 {0 0 0};
    %pushi/vec4 0, 0, 1;
    %store/vec4 v0000023451ef2d20_0, 0, 1;
    %pushi/vec4 0, 0, 1;
    %store/vec4 v0000023451ef2dc0_0, 0, 1;
    %delay 10, 0;
    %pushi/vec4 0, 0, 1;
    %store/vec4 v0000023451ef2d20_0, 0, 1;
    %pushi/vec4 1, 0, 1;
    %store/vec4 v0000023451ef2dc0_0, 0, 1;
    %delay 10, 0;
    %pushi/vec4 1, 0, 1;
    %store/vec4 v0000023451ef2d20_0, 0, 1;
    %pushi/vec4 0, 0, 1;
    %store/vec4 v0000023451ef2dc0_0, 0, 1;
    %delay 10, 0;
    %pushi/vec4 1, 0, 1;
    %store/vec4 v0000023451ef2d20_0, 0, 1;
    %pushi/vec4 1, 0, 1;
    %store/vec4 v0000023451ef2dc0_0, 0, 1;
    %delay 10, 0;
    %vpi_call 2 29 "$display", "Test Complete" {0 0 0};
    %end;
    .thread T_0;
# The file index is used to find the file name in the following table.
:file_names 4;
    "N/A";
    "<interactive>";
    "adder_tb.v";
    "./adder.v";
