#! /c/Source/iverilog-install/bin/vvp
:ivl_version "12.0 (devel)" "(s20150603-1110-g18392a46)";
:ivl_delay_selection "TYPICAL";
:vpi_time_precision + 0;
:vpi_module "C:\iverilog\lib\ivl\system.vpi";
:vpi_module "C:\iverilog\lib\ivl\vhdl_sys.vpi";
:vpi_module "C:\iverilog\lib\ivl\vhdl_textio.vpi";
:vpi_module "C:\iverilog\lib\ivl\v2005_math.vpi";
:vpi_module "C:\iverilog\lib\ivl\va_math.vpi";
S_0000022c3308aab0 .scope module, "fulladder" "fulladder" 2 1;
 .timescale 0 0;
    .port_info 0 /INPUT 4 "a";
    .port_info 1 /INPUT 4 "b";
    .port_info 2 /INPUT 1 "c_in";
    .port_info 3 /OUTPUT 1 "c_out";
    .port_info 4 /OUTPUT 4 "sum";
L_0000022c330e08a0 .functor BUFT 1, C4<0>, C4<0>, C4<0>, C4<0>;
v0000022c3308a860_0 .net *"_ivl_10", 0 0, L_0000022c330e08a0;  1 drivers
v0000022c33063560_0 .net *"_ivl_11", 4 0, L_0000022c3312a2f0;  1 drivers
v0000022c33063120_0 .net *"_ivl_13", 4 0, L_0000022c33129e90;  1 drivers
L_0000022c330e08e8 .functor BUFT 1, C4<0000>, C4<0>, C4<0>, C4<0>;
v0000022c3308ac40_0 .net *"_ivl_16", 3 0, L_0000022c330e08e8;  1 drivers
v0000022c33096160_0 .net *"_ivl_17", 4 0, L_0000022c33129c10;  1 drivers
v0000022c330e00b0_0 .net *"_ivl_3", 4 0, L_0000022c330dff70;  1 drivers
L_0000022c330e0858 .functor BUFT 1, C4<0>, C4<0>, C4<0>, C4<0>;
v0000022c330e0150_0 .net *"_ivl_6", 0 0, L_0000022c330e0858;  1 drivers
v0000022c330df9d0_0 .net *"_ivl_7", 4 0, L_0000022c331290d0;  1 drivers
o0000022c33097158 .functor BUFZ 4, C4<zzzz>; HiZ drive
v0000022c330e01f0_0 .net "a", 3 0, o0000022c33097158;  0 drivers
o0000022c33097188 .functor BUFZ 4, C4<zzzz>; HiZ drive
v0000022c330e0470_0 .net "b", 3 0, o0000022c33097188;  0 drivers
o0000022c330971b8 .functor BUFZ 1, C4<z>; HiZ drive
v0000022c330e0290_0 .net "c_in", 0 0, o0000022c330971b8;  0 drivers
v0000022c330e0330_0 .net "c_out", 0 0, L_0000022c330e0790;  1 drivers
v0000022c330e0010_0 .net "sum", 3 0, L_0000022c330df890;  1 drivers
L_0000022c330e0790 .part L_0000022c33129c10, 4, 1;
L_0000022c330df890 .part L_0000022c33129c10, 0, 4;
L_0000022c330dff70 .concat [ 4 1 0 0], o0000022c33097158, L_0000022c330e0858;
L_0000022c331290d0 .concat [ 4 1 0 0], o0000022c33097188, L_0000022c330e08a0;
L_0000022c3312a2f0 .arith/sum 5, L_0000022c330dff70, L_0000022c331290d0;
L_0000022c33129e90 .concat [ 1 4 0 0], o0000022c330971b8, L_0000022c330e08e8;
L_0000022c33129c10 .arith/sum 5, L_0000022c3312a2f0, L_0000022c33129e90;
S_0000022c33095fd0 .scope module, "tb_fulladd" "tb_fulladd" 3 2;
 .timescale 0 0;
L_0000022c330e0978 .functor BUFT 1, C4<0>, C4<0>, C4<0>, C4<0>;
v0000022c330dfc50_0 .net *"_ivl_10", 0 0, L_0000022c330e0978;  1 drivers
v0000022c330dfd90_0 .net *"_ivl_11", 4 0, L_0000022c3312a750;  1 drivers
v0000022c330e03d0_0 .net *"_ivl_13", 4 0, L_0000022c33128950;  1 drivers
L_0000022c330e09c0 .functor BUFT 1, C4<0000>, C4<0>, C4<0>, C4<0>;
v0000022c330dfed0_0 .net *"_ivl_16", 3 0, L_0000022c330e09c0;  1 drivers
v0000022c330e06f0_0 .net *"_ivl_17", 4 0, L_0000022c33129f30;  1 drivers
v0000022c330e0650_0 .net *"_ivl_3", 4 0, L_0000022c331297b0;  1 drivers
L_0000022c330e0930 .functor BUFT 1, C4<0>, C4<0>, C4<0>, C4<0>;
v0000022c330dfa70_0 .net *"_ivl_6", 0 0, L_0000022c330e0930;  1 drivers
v0000022c330e0510_0 .net *"_ivl_7", 4 0, L_0000022c331288b0;  1 drivers
v0000022c330e05b0_0 .var "a", 3 0;
v0000022c330dfb10_0 .var "b", 3 0;
v0000022c330df930_0 .var "c_in", 0 0;
v0000022c330dfbb0_0 .net "c_out", 0 0, L_0000022c3312a570;  1 drivers
v0000022c330dfcf0_0 .var/i "i", 31 0;
v0000022c330dfe30_0 .net "sum", 3 0, L_0000022c3312a110;  1 drivers
L_0000022c3312a570 .part L_0000022c33129f30, 4, 1;
L_0000022c3312a110 .part L_0000022c33129f30, 0, 4;
L_0000022c331297b0 .concat [ 4 1 0 0], v0000022c330e05b0_0, L_0000022c330e0930;
L_0000022c331288b0 .concat [ 4 1 0 0], v0000022c330dfb10_0, L_0000022c330e0978;
L_0000022c3312a750 .arith/sum 5, L_0000022c331297b0, L_0000022c331288b0;
L_0000022c33128950 .concat [ 1 4 0 0], v0000022c330df930_0, L_0000022c330e09c0;
L_0000022c33129f30 .arith/sum 5, L_0000022c3312a750, L_0000022c33128950;
    .scope S_0000022c33095fd0;
T_0 ;
    %pushi/vec4 0, 0, 4;
    %assign/vec4 v0000022c330e05b0_0, 0;
    %pushi/vec4 0, 0, 4;
    %assign/vec4 v0000022c330dfb10_0, 0;
    %pushi/vec4 0, 0, 1;
    %assign/vec4 v0000022c330df930_0, 0;
    %vpi_call 3 20 "$monitor", "a=0x%0h b=0x%0h c_in=0x%0h c_out=0x%0h sum=0x%0h", v0000022c330e05b0_0, v0000022c330dfb10_0, v0000022c330df930_0, v0000022c330dfbb0_0, v0000022c330dfe30_0 {0 0 0};
    %pushi/vec4 0, 0, 32;
    %store/vec4 v0000022c330dfcf0_0, 0, 32;
T_0.0 ;
    %load/vec4 v0000022c330dfcf0_0;
    %cmpi/s 5, 0, 32;
    %jmp/0xz T_0.1, 5;
    %vpi_call 3 25 "$dumpfile", "fadder_tb.vcd" {0 0 0};
    %vpi_call 3 26 "$dumpvars", 32'sb00000000000000000000000000000000, S_0000022c33095fd0 {0 0 0};
    %delay 10, 0;
    %vpi_func 3 28 "$random" 32 {0 0 0};
    %pad/s 4;
    %assign/vec4 v0000022c330e05b0_0, 0;
    %vpi_func 3 29 "$random" 32 {0 0 0};
    %pad/s 4;
    %assign/vec4 v0000022c330dfb10_0, 0;
    %vpi_func 3 30 "$random" 32 {0 0 0};
    %pad/s 1;
    %assign/vec4 v0000022c330df930_0, 0;
    %load/vec4 v0000022c330dfcf0_0;
    %addi 1, 0, 32;
    %store/vec4 v0000022c330dfcf0_0, 0, 32;
    %jmp T_0.0;
T_0.1 ;
    %end;
    .thread T_0;
# The file index is used to find the file name in the following table.
:file_names 4;
    "N/A";
    "<interactive>";
    "./fulladd.v";
    "full_add_tb.v";
