#! /c/Source/iverilog-install/bin/vvp
:ivl_version "12.0 (devel)" "(s20150603-1110-g18392a46)";
:ivl_delay_selection "TYPICAL";
:vpi_time_precision - 9;
:vpi_module "C:\iverilog\lib\ivl\system.vpi";
:vpi_module "C:\iverilog\lib\ivl\vhdl_sys.vpi";
:vpi_module "C:\iverilog\lib\ivl\vhdl_textio.vpi";
:vpi_module "C:\iverilog\lib\ivl\v2005_math.vpi";
:vpi_module "C:\iverilog\lib\ivl\va_math.vpi";
S_0000020215ae9b20 .scope module, "inverter_tb" "inverter_tb" 2 3;
 .timescale -9 -9;
v0000020215b03ac0_0 .var "a", 0 0;
v0000020215b03b60_0 .net "y", 0 0, L_0000020215b031e0;  1 drivers
S_0000020215b03930 .scope module, "uut" "inverter" 2 7, 3 1 0, S_0000020215ae9b20;
 .timescale -9 -9;
    .port_info 0 /INPUT 1 "a";
    .port_info 1 /OUTPUT 1 "y";
L_0000020215b031e0 .functor NOT 1, v0000020215b03ac0_0, C4<0>, C4<0>, C4<0>;
v0000020215b03670_0 .net "a", 0 0, v0000020215b03ac0_0;  1 drivers
v0000020215b03140_0 .net "y", 0 0, L_0000020215b031e0;  alias, 1 drivers
    .scope S_0000020215ae9b20;
T_0 ;
    %vpi_call 2 11 "$dumpfile", "inverter_tb.vcd" {0 0 0};
    %vpi_call 2 12 "$dumpvars", 32'sb00000000000000000000000000000000, S_0000020215ae9b20 {0 0 0};
    %pushi/vec4 0, 0, 1;
    %store/vec4 v0000020215b03ac0_0, 0, 1;
    %delay 10, 0;
    %pushi/vec4 1, 0, 1;
    %store/vec4 v0000020215b03ac0_0, 0, 1;
    %delay 10, 0;
    %vpi_call 2 20 "$display", "Test Complete" {0 0 0};
    %end;
    .thread T_0;
# The file index is used to find the file name in the following table.
:file_names 4;
    "N/A";
    "<interactive>";
    "inverter_tb.v";
    "./inverter.v";
